Change Component Designator: Old Designator=C1 New Designator=C2
Change Component Designator: Old Designator=C1 New Designator=C3
Change Component Designator: Old Designator=C1 New Designator=C4
Change Component Designator: Old Designator=C1 New Designator=C5
Change Component Designator: Old Designator=C1 New Designator=C6
Change Component Designator: Old Designator=D1 New Designator=D4
Change Component Designator: Old Designator=D6 New Designator=D1
Change Component Designator: Old Designator=D6 New Designator=D2
Change Component Designator: Old Designator=D6 New Designator=D3
Change Component Designator: Old Designator=D6 New Designator=D5
Change Component Designator: Old Designator=D6 New Designator=D7
Change Component Designator: Old Designator=D6 New Designator=D8
Change Component Designator: Old Designator=D6 New Designator=D9
Change Component Designator: Old Designator=D6 New Designator=D10
Change Component Designator: Old Designator=P3 New Designator=P4
Change Component Designator: Old Designator=P? New Designator=P1
Change Component Designator: Old Designator=R1 New Designator=R11
Change Component Designator: Old Designator=R2 New Designator=R1
Change Component Designator: Old Designator=R2 New Designator=R3
Change Component Designator: Old Designator=R2 New Designator=R4
Change Component Designator: Old Designator=R2 New Designator=R5
Change Component Designator: Old Designator=R2 New Designator=R6
Change Component Designator: Old Designator=R2 New Designator=R7
Change Component Designator: Old Designator=R2 New Designator=R13
Change Component Designator: Old Designator=R3 New Designator=R8
Change Component Designator: Old Designator=R3 New Designator=R9
Change Component Designator: Old Designator=R3 New Designator=R10
Change Component Designator: Old Designator=R3 New Designator=R14
Change Component Designator: Old Designator=R3 New Designator=R15
Change Component Designator: Old Designator=R3 New Designator=R16
Change Component Designator: Old Designator=R3 New Designator=R18
Change Component Designator: Old Designator=R3 New Designator=R19
Change Component Designator: Old Designator=R3 New Designator=R20
Change Component Designator: Old Designator=R? New Designator=R12
Change Component Designator: Old Designator=R? New Designator=R17
Change Component Designator: Old Designator=S? New Designator=S1
Change Component Designator: Old Designator=S? New Designator=S2
Change Component Designator: Old Designator=S? New Designator=S3
Change Component Designator: Old Designator=S? New Designator=S4
Change Component Designator: Old Designator=U2 New Designator=U3
