Added Component: Designator=C1(CAP0603)
Added Component: Designator=C2(CAP0603)
Added Component: Designator=C3(CAP0603)
Added Component: Designator=C4(CAP0603)
Added Component: Designator=C5(CAP0603)
Added Component: Designator=C6(CAP0603)
Added Component: Designator=D1(LED_RED_3MM)
Added Component: Designator=D2(LED_YELLOW_3MM)
Added Component: Designator=D3(LED_RED_3MM)
Added Component: Designator=D4(SOD_08)
Added Component: Designator=D5(LED_RED_3MM)
Added Component: Designator=D6(LED_YELLOW_3MM)
Added Component: Designator=D7(LED_RED_3MM)
Added Component: Designator=D8(LED_RED_3MM)
Added Component: Designator=D9(LED_YELLOW_3MM)
Added Component: Designator=D10(LED_RED_3MM)
Added Component: Designator=P1(NECLEO_F401RE_SHIELD)
Added Component: Designator=P2(PIN_STRAIGHT_1X4)
Added Component: Designator=P3(5EHDRC_1X2)
Added Component: Designator=P4(5EHDRC_1X2)
Added Component: Designator=R1(RES0603)
Added Component: Designator=R2(RES0603)
Added Component: Designator=R3(RES0603)
Added Component: Designator=R4(RES0603)
Added Component: Designator=R5(RES0603)
Added Component: Designator=R6(RES0603)
Added Component: Designator=R7(RES0603)
Added Component: Designator=R8(RES_VERTICAL_1/4W)
Added Component: Designator=R9(RES_VERTICAL_1/4W)
Added Component: Designator=R10(RES_VERTICAL_1/4W)
Added Component: Designator=R11(RES0603)
Added Component: Designator=R12(POTEN_3362P)
Added Component: Designator=R13(RES0603)
Added Component: Designator=R14(RES_VERTICAL_1/4W)
Added Component: Designator=R15(RES_VERTICAL_1/4W)
Added Component: Designator=R16(RES_VERTICAL_1/4W)
Added Component: Designator=R17(POTEN_3362P)
Added Component: Designator=R18(RES_VERTICAL_1/4W)
Added Component: Designator=R19(RES_VERTICAL_1/4W)
Added Component: Designator=R20(RES_VERTICAL_1/4W)
Added Component: Designator=S1(TACT_SW_6X6)
Added Component: Designator=S2(TACT_SW_6X6)
Added Component: Designator=S3(TACT_SW_6X6)
Added Component: Designator=S4(SOIC127P600-8N)
Added Component: Designator=U1(MAGNETIC_BUZZER)
Added Component: Designator=U2(SOT-23A)
Added Component: Designator=U3(SOIC8)
Added Pin To Net: NetName=3V3 Pin=P1-4
Added Pin To Net: NetName=3V3 Pin=R1-1
Added Pin To Net: NetName=3V3 Pin=R2-1
Added Pin To Net: NetName=3V3 Pin=R3-1
Added Pin To Net: NetName=3V3 Pin=R4-1
Added Pin To Net: NetName=3V3 Pin=R5-1
Added Pin To Net: NetName=3V3 Pin=R6-1
Added Pin To Net: NetName=3V3 Pin=R7-1
Added Pin To Net: NetName=3V3 Pin=R12-1
Added Pin To Net: NetName=3V3 Pin=R17-1
Added Net: Name=3V3
Added Pin To Net: NetName=5V Pin=C5-2
Added Pin To Net: NetName=5V Pin=P1-5
Added Pin To Net: NetName=5V Pin=R11-2
Added Pin To Net: NetName=5V Pin=U1-1
Added Pin To Net: NetName=5V Pin=U3-8
Added Net: Name=5V
Added Pin To Net: NetName=BUZZ_SIGNAL Pin=P2-4
Added Pin To Net: NetName=BUZZ_SIGNAL Pin=R13-2
Added Net: Name=BUZZ_SIGNAL
Added Pin To Net: NetName=CH_A Pin=P3-2
Added Pin To Net: NetName=CH_A Pin=P4-2
Added Pin To Net: NetName=CH_A Pin=U3-6
Added Net: Name=CH_A
Added Pin To Net: NetName=CH_B Pin=P3-1
Added Pin To Net: NetName=CH_B Pin=P4-1
Added Pin To Net: NetName=CH_B Pin=U3-7
Added Net: Name=CH_B
Added Pin To Net: NetName=DIPSW1 Pin=P1-21
Added Pin To Net: NetName=DIPSW1 Pin=R7-2
Added Pin To Net: NetName=DIPSW1 Pin=S4-5
Added Net: Name=DIPSW1
Added Pin To Net: NetName=DIPSW2 Pin=P1-22
Added Pin To Net: NetName=DIPSW2 Pin=R6-2
Added Pin To Net: NetName=DIPSW2 Pin=S4-6
Added Net: Name=DIPSW2
Added Pin To Net: NetName=DIPSW3 Pin=P1-23
Added Pin To Net: NetName=DIPSW3 Pin=R5-2
Added Pin To Net: NetName=DIPSW3 Pin=S4-7
Added Net: Name=DIPSW3
Added Pin To Net: NetName=DIPSW4 Pin=P1-24
Added Pin To Net: NetName=DIPSW4 Pin=R4-2
Added Pin To Net: NetName=DIPSW4 Pin=S4-8
Added Net: Name=DIPSW4
Added Pin To Net: NetName=DIR_485 Pin=P1-17
Added Pin To Net: NetName=DIR_485 Pin=U3-2
Added Pin To Net: NetName=DIR_485 Pin=U3-3
Added Net: Name=DIR_485
Added Pin To Net: NetName=GND Pin=C1-1
Added Pin To Net: NetName=GND Pin=C2-1
Added Pin To Net: NetName=GND Pin=C3-1
Added Pin To Net: NetName=GND Pin=C4-1
Added Pin To Net: NetName=GND Pin=C5-1
Added Pin To Net: NetName=GND Pin=C6-1
Added Pin To Net: NetName=GND Pin=D1-2
Added Pin To Net: NetName=GND Pin=D2-2
Added Pin To Net: NetName=GND Pin=D3-2
Added Pin To Net: NetName=GND Pin=D5-2
Added Pin To Net: NetName=GND Pin=D6-2
Added Pin To Net: NetName=GND Pin=D7-2
Added Pin To Net: NetName=GND Pin=D8-2
Added Pin To Net: NetName=GND Pin=D9-2
Added Pin To Net: NetName=GND Pin=D10-2
Added Pin To Net: NetName=GND Pin=P1-6
Added Pin To Net: NetName=GND Pin=P1-7
Added Pin To Net: NetName=GND Pin=P1-29
Added Pin To Net: NetName=GND Pin=R12-2
Added Pin To Net: NetName=GND Pin=R17-2
Added Pin To Net: NetName=GND Pin=S1-1
Added Pin To Net: NetName=GND Pin=S1-3
Added Pin To Net: NetName=GND Pin=S2-1
Added Pin To Net: NetName=GND Pin=S2-3
Added Pin To Net: NetName=GND Pin=S3-1
Added Pin To Net: NetName=GND Pin=S3-3
Added Pin To Net: NetName=GND Pin=S4-1
Added Pin To Net: NetName=GND Pin=S4-2
Added Pin To Net: NetName=GND Pin=S4-3
Added Pin To Net: NetName=GND Pin=S4-4
Added Pin To Net: NetName=GND Pin=U2-2
Added Pin To Net: NetName=GND Pin=U3-5
Added Net: Name=GND
Added Pin To Net: NetName=GREEN1 Pin=P1-27
Added Pin To Net: NetName=GREEN1 Pin=R10-2
Added Net: Name=GREEN1
Added Pin To Net: NetName=GREEN2 Pin=P1-32
Added Pin To Net: NetName=GREEN2 Pin=R16-2
Added Net: Name=GREEN2
Added Pin To Net: NetName=GREEN3 Pin=P2-3
Added Pin To Net: NetName=GREEN3 Pin=R20-2
Added Net: Name=GREEN3
Added Pin To Net: NetName=NetD1_1 Pin=D1-1
Added Pin To Net: NetName=NetD1_1 Pin=R8-1
Added Net: Name=NetD1_1
Added Pin To Net: NetName=NetD2_1 Pin=D2-1
Added Pin To Net: NetName=NetD2_1 Pin=R9-1
Added Net: Name=NetD2_1
Added Pin To Net: NetName=NetD3_1 Pin=D3-1
Added Pin To Net: NetName=NetD3_1 Pin=R10-1
Added Net: Name=NetD3_1
Added Pin To Net: NetName=NetD4_1 Pin=D4-1
Added Pin To Net: NetName=NetD4_1 Pin=U1-2
Added Pin To Net: NetName=NetD4_1 Pin=U2-3
Added Net: Name=NetD4_1
Added Pin To Net: NetName=NetD4_2 Pin=D4-2
Added Pin To Net: NetName=NetD4_2 Pin=R11-1
Added Net: Name=NetD4_2
Added Pin To Net: NetName=NetD5_1 Pin=D5-1
Added Pin To Net: NetName=NetD5_1 Pin=R14-1
Added Net: Name=NetD5_1
Added Pin To Net: NetName=NetD6_1 Pin=D6-1
Added Pin To Net: NetName=NetD6_1 Pin=R15-1
Added Net: Name=NetD6_1
Added Pin To Net: NetName=NetD7_1 Pin=D7-1
Added Pin To Net: NetName=NetD7_1 Pin=R16-1
Added Net: Name=NetD7_1
Added Pin To Net: NetName=NetD8_1 Pin=D8-1
Added Pin To Net: NetName=NetD8_1 Pin=R18-1
Added Net: Name=NetD8_1
Added Pin To Net: NetName=NetD9_1 Pin=D9-1
Added Pin To Net: NetName=NetD9_1 Pin=R19-1
Added Net: Name=NetD9_1
Added Pin To Net: NetName=NetD10_1 Pin=D10-1
Added Pin To Net: NetName=NetD10_1 Pin=R20-1
Added Net: Name=NetD10_1
Added Pin To Net: NetName=NetR13_1 Pin=R13-1
Added Pin To Net: NetName=NetR13_1 Pin=U2-1
Added Net: Name=NetR13_1
Added Pin To Net: NetName=POTEN1 Pin=C4-2
Added Pin To Net: NetName=POTEN1 Pin=C6-2
Added Pin To Net: NetName=POTEN1 Pin=P1-9
Added Pin To Net: NetName=POTEN1 Pin=R12-3
Added Pin To Net: NetName=POTEN1 Pin=R17-3
Added Net: Name=POTEN1
Added Pin To Net: NetName=POTEN2 Pin=P1-10
Added Net: Name=POTEN2
Added Pin To Net: NetName=RED1 Pin=P1-25
Added Pin To Net: NetName=RED1 Pin=R8-2
Added Net: Name=RED1
Added Pin To Net: NetName=RED2 Pin=P1-28
Added Pin To Net: NetName=RED2 Pin=R14-2
Added Net: Name=RED2
Added Pin To Net: NetName=RED3 Pin=P2-1
Added Pin To Net: NetName=RED3 Pin=R18-2
Added Net: Name=RED3
Added Pin To Net: NetName=RX_485 Pin=P1-16
Added Pin To Net: NetName=RX_485 Pin=U3-4
Added Net: Name=RX_485
Added Pin To Net: NetName=SW1 Pin=C1-2
Added Pin To Net: NetName=SW1 Pin=P1-18
Added Pin To Net: NetName=SW1 Pin=R1-2
Added Pin To Net: NetName=SW1 Pin=S1-2
Added Pin To Net: NetName=SW1 Pin=S1-4
Added Net: Name=SW1
Added Pin To Net: NetName=SW2 Pin=C2-2
Added Pin To Net: NetName=SW2 Pin=C3-2
Added Pin To Net: NetName=SW2 Pin=P1-19
Added Pin To Net: NetName=SW2 Pin=P1-20
Added Pin To Net: NetName=SW2 Pin=R2-2
Added Pin To Net: NetName=SW2 Pin=R3-2
Added Pin To Net: NetName=SW2 Pin=S2-2
Added Pin To Net: NetName=SW2 Pin=S2-4
Added Pin To Net: NetName=SW2 Pin=S3-2
Added Pin To Net: NetName=SW2 Pin=S3-4
Added Net: Name=SW2
Added Pin To Net: NetName=TX_485 Pin=P1-15
Added Pin To Net: NetName=TX_485 Pin=U3-1
Added Net: Name=TX_485
Added Pin To Net: NetName=YELLOW1 Pin=P1-26
Added Pin To Net: NetName=YELLOW1 Pin=R9-2
Added Net: Name=YELLOW1
Added Pin To Net: NetName=YELLOW2 Pin=P1-31
Added Pin To Net: NetName=YELLOW2 Pin=R15-2
Added Net: Name=YELLOW2
Added Pin To Net: NetName=YELLOW3 Pin=P2-2
Added Pin To Net: NetName=YELLOW3 Pin=R19-2
Added Net: Name=YELLOW3
Added Class: Name=board
Added Room: Name=board
