Added Component: Designator=C1(CAP0603)
Added Component: Designator=C2(CAP0603)
Added Component: Designator=C3(CAP0603)
Added Component: Designator=C4(CAP0603)
Added Component: Designator=C5(CAP0603)
Added Component: Designator=C6(CAP0603)
Added Component: Designator=D1(LED_RED_3MM)
Added Component: Designator=D2(LED_YELLOW_3MM)
Added Component: Designator=D3(LED_RED_3MM)
Added Component: Designator=D4(SOD_08)
Added Component: Designator=D5(LED_RED_3MM)
Added Component: Designator=D6(LED_YELLOW_3MM)
Added Component: Designator=D7(LED_RED_3MM)
Added Component: Designator=D8(LED_RED_3MM)
Added Component: Designator=D9(LED_YELLOW_3MM)
Added Component: Designator=D10(LED_RED_3MM)
Added Component: Designator=P1(NUCLEO_F401RE_SHILED)
Added Component: Designator=P2(PIN_STRAIGHT_1X4)
Added Component: Designator=P3(5EHDRC_1X2)
Added Component: Designator=P4(5EHDRC_1X2)
Added Component: Designator=R1(RES0603)
Added Component: Designator=R2(RES0603)
Added Component: Designator=R3(RES0603)
Added Component: Designator=R4(RES0603)
Added Component: Designator=R5(RES0603)
Added Component: Designator=R6(RES0603)
Added Component: Designator=R7(RES0603)
Added Component: Designator=R8(RES_VERTICAL_1/4W)
Added Component: Designator=R9(RES_VERTICAL_1/4W)
Added Component: Designator=R10(RES_VERTICAL_1/4W)
Added Component: Designator=R11(RES0603)
Added Component: Designator=R12(POTEN_3362P)
Added Component: Designator=R13(RES0603)
Added Component: Designator=R14(RES_VERTICAL_1/4W)
Added Component: Designator=R15(RES_VERTICAL_1/4W)
Added Component: Designator=R16(RES_VERTICAL_1/4W)
Added Component: Designator=R17(POTEN_3362P)
Added Component: Designator=R18(RES_VERTICAL_1/4W)
Added Component: Designator=R19(RES_VERTICAL_1/4W)
Added Component: Designator=R20(RES_VERTICAL_1/4W)
Added Component: Designator=S1(TACT_SW_6X6)
Added Component: Designator=S2(TACT_SW_6X6)
Added Component: Designator=S3(TACT_SW_6X6)
Added Component: Designator=S4(SOIC127P600-8N)
Added Component: Designator=U1(MAGNETIC_BUZZER)
Added Component: Designator=U2(SOT-23A)
Added Component: Designator=U3(SOIC8)
